C:\USERS\KEVIN\DOCUMENTS\VISUAL STUDIO 2012\PROJECTS\CS 161 LAB 4 ALPHA\DEBUG\VC110.PDB
C:\USERS\KEVIN\DOCUMENTS\VISUAL STUDIO 2012\PROJECTS\CS 161 LAB 4 ALPHA\DEBUG\BRIGHTNEWWORLD.OBJ
C:\USERS\KEVIN\DOCUMENTS\VISUAL STUDIO 2012\PROJECTS\CS 161 LAB 4 ALPHA\DEBUG\CS 161 LAB 4 ALPHA.ILK
C:\USERS\KEVIN\DOCUMENTS\VISUAL STUDIO 2012\PROJECTS\CS 161 LAB 4 ALPHA\DEBUG\CS 161 LAB 4 ALPHA.EXE
C:\USERS\KEVIN\DOCUMENTS\VISUAL STUDIO 2012\PROJECTS\CS 161 LAB 4 ALPHA\DEBUG\CS 161 LAB 4 ALPHA.PDB
C:\Users\Kevin\Documents\Visual Studio 2012\Projects\CS 161 Lab 4 Alpha\Debug\BrightNewWorld.obj
C:\Users\Kevin\Documents\Visual Studio 2012\Projects\CS 161 Lab 4 Alpha\Debug\CS 161 Lab 4 Alpha.ilk
C:\Users\Kevin\Documents\Visual Studio 2012\Projects\CS 161 Lab 4 Alpha\Debug\cl.command.1.tlog
C:\Users\Kevin\Documents\Visual Studio 2012\Projects\CS 161 Lab 4 Alpha\Debug\CL.read.1.tlog
C:\Users\Kevin\Documents\Visual Studio 2012\Projects\CS 161 Lab 4 Alpha\Debug\CL.write.1.tlog
C:\Users\Kevin\Documents\Visual Studio 2012\Projects\CS 161 Lab 4 Alpha\Debug\link-cvtres.read.1.tlog
C:\Users\Kevin\Documents\Visual Studio 2012\Projects\CS 161 Lab 4 Alpha\Debug\link-cvtres.write.1.tlog
C:\Users\Kevin\Documents\Visual Studio 2012\Projects\CS 161 Lab 4 Alpha\Debug\link-rc.read.1.tlog
C:\Users\Kevin\Documents\Visual Studio 2012\Projects\CS 161 Lab 4 Alpha\Debug\link-rc.write.1.tlog
C:\Users\Kevin\Documents\Visual Studio 2012\Projects\CS 161 Lab 4 Alpha\Debug\link.command.1.tlog
C:\Users\Kevin\Documents\Visual Studio 2012\Projects\CS 161 Lab 4 Alpha\Debug\link.read.1.tlog
C:\Users\Kevin\Documents\Visual Studio 2012\Projects\CS 161 Lab 4 Alpha\Debug\link.write.1.tlog
C:\Users\Kevin\Documents\Visual Studio 2012\Projects\CS 161 Lab 4 Alpha\Debug\vc110.idb
C:\Users\Kevin\Documents\Visual Studio 2012\Projects\CS 161 Lab 4 Alpha\Debug\CS 161 Lab 4 Alpha.pdb
C:\Users\Kevin\Documents\Visual Studio 2012\Projects\CS 161 Lab 4 Alpha\Debug\vc110.pdb
C:\Users\Kevin\Documents\Visual Studio 2012\Projects\CS 161 Lab 4 Alpha\Debug\CS 161 Lab 4 Alpha.exe
